This is pdfTeX, Version 3.14159265-2.6-1.40.17 (MiKTeX 2.9.6210 64-bit) (preloaded format=pdflatex 2017.4.28)  2 NOV 2017 12:11
entering extended mode
**"./Networks Coursework.tex"
("Networks Coursework.tex"
LaTeX2e <2017/01/01> patch level 1
Babel <3.9r> and hyphenation patterns for 75 language(s) loaded.
("C:\Program Files\MiKTeX 2.9\tex\latex\base\article.cls"
Document Class: article 2014/09/29 v1.4h Standard LaTeX document class
("C:\Program Files\MiKTeX 2.9\tex\latex\base\size10.clo"
File: size10.clo 2014/09/29 v1.4h Standard LaTeX file (size option)
)
\c@part=\count79
\c@section=\count80
\c@subsection=\count81
\c@subsubsection=\count82
\c@paragraph=\count83
\c@subparagraph=\count84
\c@figure=\count85
\c@table=\count86
\abovecaptionskip=\skip41
\belowcaptionskip=\skip42
\bibindent=\dimen102
)
("C:\Program Files\MiKTeX 2.9\tex\latex\listings\listings.sty"
("C:\Program Files\MiKTeX 2.9\tex\latex\graphics\keyval.sty"
Package: keyval 2014/10/28 v1.15 key=value parser (DPC)
\KV@toks@=\toks14
)
\lst@mode=\count87
\lst@gtempboxa=\box26
\lst@token=\toks15
\lst@length=\count88
\lst@currlwidth=\dimen103
\lst@column=\count89
\lst@pos=\count90
\lst@lostspace=\dimen104
\lst@width=\dimen105
\lst@newlines=\count91
\lst@lineno=\count92
\lst@maxwidth=\dimen106

("C:\Program Files\MiKTeX 2.9\tex\latex\listings\lstmisc.sty"
File: lstmisc.sty 2015/06/04 1.6 (Carsten Heinz)
\c@lstnumber=\count93
\lst@skipnumbers=\count94
\lst@framebox=\box27
)
("C:\Program Files\MiKTeX 2.9\tex\latex\listings\listings.cfg"
File: listings.cfg 2015/06/04 1.6 listings configuration
))
Package: listings 2015/06/04 1.6 (Carsten Heinz)

("C:\Program Files\MiKTeX 2.9\tex\latex\mathtools\mathtools.sty"
Package: mathtools 2015/11/12 v1.18 mathematical typesetting tools

("C:\Program Files\MiKTeX 2.9\tex\latex\tools\calc.sty"
Package: calc 2014/10/28 v4.3 Infix arithmetic (KKT,FJ)
\calc@Acount=\count95
\calc@Bcount=\count96
\calc@Adimen=\dimen107
\calc@Bdimen=\dimen108
\calc@Askip=\skip43
\calc@Bskip=\skip44
LaTeX Info: Redefining \setlength on input line 80.
LaTeX Info: Redefining \addtolength on input line 81.
\calc@Ccount=\count97
\calc@Cskip=\skip45
)
("C:\Program Files\MiKTeX 2.9\tex\latex\mathtools\mhsetup.sty"
Package: mhsetup 2010/01/21 v1.2a programming setup (MH)
)
("C:\Program Files\MiKTeX 2.9\tex\latex\amsmath\amsmath.sty"
Package: amsmath 2016/11/05 v2.16a AMS math features
\@mathmargin=\skip46

For additional information on amsmath, use the `?' option.
("C:\Program Files\MiKTeX 2.9\tex\latex\amsmath\amstext.sty"
Package: amstext 2000/06/29 v2.01 AMS text

("C:\Program Files\MiKTeX 2.9\tex\latex\amsmath\amsgen.sty"
File: amsgen.sty 1999/11/30 v2.0 generic functions
\@emptytoks=\toks16
\ex@=\dimen109
))
("C:\Program Files\MiKTeX 2.9\tex\latex\amsmath\amsbsy.sty"
Package: amsbsy 1999/11/29 v1.2d Bold Symbols
\pmbraise@=\dimen110
)
("C:\Program Files\MiKTeX 2.9\tex\latex\amsmath\amsopn.sty"
Package: amsopn 2016/03/08 v2.02 operator names
)
\inf@bad=\count98
LaTeX Info: Redefining \frac on input line 213.
\uproot@=\count99
\leftroot@=\count100
LaTeX Info: Redefining \overline on input line 375.
\classnum@=\count101
\DOTSCASE@=\count102
LaTeX Info: Redefining \ldots on input line 472.
LaTeX Info: Redefining \dots on input line 475.
LaTeX Info: Redefining \cdots on input line 596.
\Mathstrutbox@=\box28
\strutbox@=\box29
\big@size=\dimen111
LaTeX Font Info:    Redeclaring font encoding OML on input line 712.
LaTeX Font Info:    Redeclaring font encoding OMS on input line 713.
\macc@depth=\count103
\c@MaxMatrixCols=\count104
\dotsspace@=\muskip10
\c@parentequation=\count105
\dspbrk@lvl=\count106
\tag@help=\toks17
\row@=\count107
\column@=\count108
\maxfields@=\count109
\andhelp@=\toks18
\eqnshift@=\dimen112
\alignsep@=\dimen113
\tagshift@=\dimen114
\tagwidth@=\dimen115
\totwidth@=\dimen116
\lineht@=\dimen117
\@envbody=\toks19
\multlinegap=\skip47
\multlinetaggap=\skip48
\mathdisplay@stack=\toks20
LaTeX Info: Redefining \[ on input line 2817.
LaTeX Info: Redefining \] on input line 2818.
)
LaTeX Info: Thecontrolsequence`\('isalreadyrobust on input line 129.
LaTeX Info: Thecontrolsequence`\)'isalreadyrobust on input line 129.
LaTeX Info: Thecontrolsequence`\['isalreadyrobust on input line 129.
LaTeX Info: Thecontrolsequence`\]'isalreadyrobust on input line 129.
\g_MT_multlinerow_int=\count110
\l_MT_multwidth_dim=\dimen118
\origjot=\skip49
\l_MT_shortvdotswithinadjustabove_dim=\dimen119
\l_MT_shortvdotswithinadjustbelow_dim=\dimen120
\l_MT_above_intertext_sep=\dimen121
\l_MT_below_intertext_sep=\dimen122
\l_MT_above_shortintertext_sep=\dimen123
\l_MT_below_shortintertext_sep=\dimen124
)
("C:\Program Files\MiKTeX 2.9\tex\latex\amsfonts\amsfonts.sty"
Package: amsfonts 2013/01/14 v3.01 Basic AMSFonts support
\symAMSa=\mathgroup4
\symAMSb=\mathgroup5
LaTeX Font Info:    Overwriting math alphabet `\mathfrak' in version `bold'
(Font)                  U/euf/m/n --> U/euf/b/n on input line 106.
)
("C:\Program Files\MiKTeX 2.9\tex\latex\booktabs\booktabs.sty"
Package: booktabs 2005/04/14 v1.61803 publication quality tables
\heavyrulewidth=\dimen125
\lightrulewidth=\dimen126
\cmidrulewidth=\dimen127
\belowrulesep=\dimen128
\belowbottomsep=\dimen129
\aboverulesep=\dimen130
\abovetopsep=\dimen131
\cmidrulesep=\dimen132
\cmidrulekern=\dimen133
\defaultaddspace=\dimen134
\@cmidla=\count111
\@cmidlb=\count112
\@aboverulesep=\dimen135
\@belowrulesep=\dimen136
\@thisruleclass=\count113
\@lastruleclass=\count114
\@thisrulewidth=\dimen137
)
("C:\Program Files\MiKTeX 2.9\tex\latex\changepage\changepage.sty"
Package: changepage 2009/10/20 v1.0c check page and change page layout
\c@cp@cntr=\count115
\cp@tempcnt=\count116
)
("C:\Program Files\MiKTeX 2.9\tex\latex\geometry\geometry.sty"
Package: geometry 2010/09/12 v5.6 Page Geometry

("C:\Program Files\MiKTeX 2.9\tex\generic\oberdiek\ifpdf.sty"
Package: ifpdf 2016/05/14 v3.1 Provides the ifpdf switch
)
("C:\Program Files\MiKTeX 2.9\tex\generic\oberdiek\ifvtex.sty"
Package: ifvtex 2016/05/16 v1.6 Detect VTeX and its facilities (HO)
Package ifvtex Info: VTeX not detected.
)
("C:\Program Files\MiKTeX 2.9\tex\generic\ifxetex\ifxetex.sty"
Package: ifxetex 2010/09/12 v0.6 Provides ifxetex conditional
)
\Gm@cnth=\count117
\Gm@cntv=\count118
\c@Gm@tempcnt=\count119
\Gm@bindingoffset=\dimen138
\Gm@wd@mp=\dimen139
\Gm@odd@mp=\dimen140
\Gm@even@mp=\dimen141
\Gm@layoutwidth=\dimen142
\Gm@layoutheight=\dimen143
\Gm@layouthoffset=\dimen144
\Gm@layoutvoffset=\dimen145
\Gm@dimlist=\toks21

("C:\Program Files\MiKTeX 2.9\tex\latex\geometry\geometry.cfg"))
("C:\Program Files\MiKTeX 2.9\tex\latex\oberdiek\pdflscape.sty"
Package: pdflscape 2016/05/14 v0.11 Display of landscape pages in PDF (HO)

("C:\Program Files\MiKTeX 2.9\tex\latex\graphics\lscape.sty"
Package: lscape 2000/10/22 v3.01 Landscape Pages (DPC)

("C:\Program Files\MiKTeX 2.9\tex\latex\graphics\graphics.sty"
Package: graphics 2016/10/09 v1.0u Standard LaTeX Graphics (DPC,SPQR)

("C:\Program Files\MiKTeX 2.9\tex\latex\graphics\trig.sty"
Package: trig 2016/01/03 v1.10 sin cos tan (DPC)
)
("C:\Program Files\MiKTeX 2.9\tex\latex\graphics-cfg\graphics.cfg"
File: graphics.cfg 2016/06/04 v1.11 sample graphics configuration
)
Package graphics Info: Driver file: pdftex.def on input line 99.

("C:\Program Files\MiKTeX 2.9\tex\latex\graphics-def\pdftex.def"
File: pdftex.def 2017/01/12 v0.06k Graphics/color for pdfTeX

("C:\Program Files\MiKTeX 2.9\tex\generic\oberdiek\infwarerr.sty"
Package: infwarerr 2016/05/16 v1.4 Providing info/warning/error messages (HO)
)
("C:\Program Files\MiKTeX 2.9\tex\generic\oberdiek\ltxcmds.sty"
Package: ltxcmds 2016/05/16 v1.23 LaTeX kernel commands for general use (HO)
)
\Gread@gobject=\count120
)))
Package pdflscape Info: Auto-detected driver: pdftex on input line 81.
)
("C:\Program Files\MiKTeX 2.9\tex\latex\graphics\rotating.sty"
Package: rotating 2016/08/11 v2.16d rotated objects in LaTeX

("C:\Program Files\MiKTeX 2.9\tex\latex\graphics\graphicx.sty"
Package: graphicx 2014/10/28 v1.0g Enhanced LaTeX Graphics (DPC,SPQR)
\Gin@req@height=\dimen146
\Gin@req@width=\dimen147
)
("C:\Program Files\MiKTeX 2.9\tex\latex\base\ifthen.sty"
Package: ifthen 2014/09/29 v1.1c Standard LaTeX ifthen package (DPC)
)
\c@r@tfl@t=\count121
\rotFPtop=\skip50
\rotFPbot=\skip51
\rot@float@box=\box30
\rot@mess@toks=\toks22
)
("C:\Program Files\MiKTeX 2.9\tex\latex\graphics\color.sty"
Package: color 2016/07/10 v1.1e Standard LaTeX Color (DPC)

("C:\Program Files\MiKTeX 2.9\tex\latex\graphics-cfg\color.cfg"
File: color.cfg 2016/01/02 v1.6 sample color configuration
)
Package color Info: Driver file: pdftex.def on input line 147.
)
("Networks Coursework.aux" (titlepage.aux) (discussion.aux) (section2.aux)
(pingtesting.aux))
\openout1 = `"Networks Coursework.aux"'.

LaTeX Font Info:    Checking defaults for OML/cmm/m/it on input line 27.
LaTeX Font Info:    ... okay on input line 27.
LaTeX Font Info:    Checking defaults for T1/cmr/m/n on input line 27.
LaTeX Font Info:    ... okay on input line 27.
LaTeX Font Info:    Checking defaults for OT1/cmr/m/n on input line 27.
LaTeX Font Info:    ... okay on input line 27.
LaTeX Font Info:    Checking defaults for OMS/cmsy/m/n on input line 27.
LaTeX Font Info:    ... okay on input line 27.
LaTeX Font Info:    Checking defaults for OMX/cmex/m/n on input line 27.
LaTeX Font Info:    ... okay on input line 27.
LaTeX Font Info:    Checking defaults for U/cmr/m/n on input line 27.
LaTeX Font Info:    ... okay on input line 27.
\c@lstlisting=\count122

*geometry* driver: auto-detecting
*geometry* detected driver: pdftex
*geometry* verbose mode - [ preamble ] result:
* driver: pdftex
* paper: <default>
* layout: <same size as paper>
* layoutoffset:(h,v)=(0.0pt,0.0pt)
* modes: 
* h-part:(L,W,R)=(92.14519pt, 430.00462pt, 92.14519pt)
* v-part:(T,H,B)=(95.39737pt, 556.47656pt, 143.09605pt)
* \paperwidth=614.295pt
* \paperheight=794.96999pt
* \textwidth=430.00462pt
* \textheight=556.47656pt
* \oddsidemargin=19.8752pt
* \evensidemargin=19.8752pt
* \topmargin=-13.87262pt
* \headheight=12.0pt
* \headsep=25.0pt
* \topskip=10.0pt
* \footskip=30.0pt
* \marginparwidth=65.0pt
* \marginparsep=11.0pt
* \columnsep=10.0pt
* \skip\footins=9.0pt plus 4.0pt minus 2.0pt
* \hoffset=0.0pt
* \voffset=0.0pt
* \mag=1000
* \@twocolumnfalse
* \@twosidefalse
* \@mparswitchfalse
* \@reversemarginfalse
* (1in=72.27pt=25.4mm, 1cm=28.453pt)

("C:\Program Files\MiKTeX 2.9\tex\context\base\supp-pdf.mkii"
[Loading MPS to PDF converter (version 2006.09.02).]
\scratchcounter=\count123
\scratchdimen=\dimen148
\scratchbox=\box31
\nofMPsegments=\count124
\nofMParguments=\count125
\everyMPshowfont=\toks23
\MPscratchCnt=\count126
\MPscratchDim=\dimen149
\MPnumerator=\count127
\makeMPintoPDFobject=\count128
\everyMPtoPDFconversion=\toks24
) ("C:\Program Files\MiKTeX 2.9\tex\generic\oberdiek\pdftexcmds.sty"
Package: pdftexcmds 2016/05/21 v0.22 Utility functions of pdfTeX for LuaTeX (HO
)

("C:\Program Files\MiKTeX 2.9\tex\generic\oberdiek\ifluatex.sty"
Package: ifluatex 2016/05/16 v1.4 Provides the ifluatex switch (HO)
Package ifluatex Info: LuaTeX not detected.
)
Package pdftexcmds Info: LuaTeX not detected.
Package pdftexcmds Info: \pdf@primitive is available.
Package pdftexcmds Info: \pdf@ifprimitive is available.
Package pdftexcmds Info: \pdfdraftmode found.
)
("C:\Program Files\MiKTeX 2.9\tex\latex\oberdiek\epstopdf-base.sty"
Package: epstopdf-base 2016/05/15 v2.6 Base part for package epstopdf

("C:\Program Files\MiKTeX 2.9\tex\latex\oberdiek\grfext.sty"
Package: grfext 2016/05/16 v1.2 Manage graphics extensions (HO)

("C:\Program Files\MiKTeX 2.9\tex\generic\oberdiek\kvdefinekeys.sty"
Package: kvdefinekeys 2016/05/16 v1.4 Define keys (HO)
))
("C:\Program Files\MiKTeX 2.9\tex\latex\oberdiek\kvoptions.sty"
Package: kvoptions 2016/05/16 v3.12 Key value format for package options (HO)

("C:\Program Files\MiKTeX 2.9\tex\generic\oberdiek\kvsetkeys.sty"
Package: kvsetkeys 2016/05/16 v1.17 Key value parser (HO)

("C:\Program Files\MiKTeX 2.9\tex\generic\oberdiek\etexcmds.sty"
Package: etexcmds 2016/05/16 v1.6 Avoid name clashes with e-TeX commands (HO)
Package etexcmds Info: Could not find \expanded.
(etexcmds)             That can mean that you are not using pdfTeX 1.50 or
(etexcmds)             that some package has redefined \expanded.
(etexcmds)             In the latter case, load this package earlier.
)))
Package epstopdf-base Info: Redefining graphics rule for `.eps' on input line 4
38.
Package grfext Info: Graphics extension search list:
(grfext)             [.png,.pdf,.jpg,.mps,.jpeg,.jbig2,.jb2,.PNG,.PDF,.JPG,.JPE
G,.JBIG2,.JB2,.eps]
(grfext)             \AppendGraphicsExtensions on input line 456.
)
\openout2 = `titlepage.aux'.


(titlepage.tex
LaTeX Font Info:    Try loading font information for U+msa on input line 5.
 ("C:\Program Files\MiKTeX 2.9\tex\latex\amsfonts\umsa.fd"
File: umsa.fd 2013/01/14 v3.01 AMS symbols A
)
LaTeX Font Info:    Try loading font information for U+msb on input line 5.

("C:\Program Files\MiKTeX 2.9\tex\latex\amsfonts\umsb.fd"
File: umsb.fd 2013/01/14 v3.01 AMS symbols B
) [1


{C:/ProgramData/MiKTeX/2.9/pdftex/config/pdftex.map}])
\openout2 = `discussion.aux'.

 (discussion.tex
Overfull \hbox (3.02829pt too wide) in paragraph at lines 10--10
\OT1/cmr/bx/n/14.4 gath-ered about the rel-a-tive per-for-mance of IPv4 and IPv
6? 
 []

[1


] (traceroutes.tex
LaTeX Font Info:    Try loading font information for OMS+cmr on input line 4.
 ("C:\Program Files\MiKTeX 2.9\tex\latex\base\omscmr.fd"
File: omscmr.fd 2014/09/29 v2.5h Standard LaTeX font definitions
)
LaTeX Font Info:    Font shape `OMS/cmr/m/n' in size <8> not available
(Font)              Font shape `OMS/cmsy/m/n' tried instead on input line 4.

[2])
Underfull \hbox (badness 10000) in paragraph at lines 22--23

 []

[3] (ebaypings.tex
LaTeX Font Info:    Try loading font information for OML+cmr on input line 3.
 ("C:\Program Files\MiKTeX 2.9\tex\latex\base\omlcmr.fd"
File: omlcmr.fd 2014/09/29 v2.5h Standard LaTeX font definitions
)
LaTeX Font Info:    Font shape `OML/cmr/m/n' in size <8> not available
(Font)              Font shape `OML/cmm/m/it' tried instead on input line 3.
)
[4]
Overfull \hbox (38.90639pt too wide) in paragraph at lines 35--35
[]\OT1/cmr/bx/n/14.4 Why is there such a large vari-ance in RTT be-tween google
.co.uk,
 []

Missing character: There is no Ô in font cmr10!
Missing character: There is no ¨ in font cmr10!
Missing character: There is no Å in font cmr10!
Missing character: There is no Ô in font cmr10!
Missing character: There is no ¨ in font cmr10!
Missing character: There is no Å in font cmr10!
Missing character: There is no ‚ in font cmr10!
Missing character: There is no Ä in font cmr10!
Missing character: There is no ô in font cmr10!
Missing character: There is no ‚ in font cmr10!
Missing character: There is no Ä in font cmr10!
Missing character: There is no ô in font cmr10!
Missing character: There is no Ô in font cmr10!
Missing character: There is no ¨ in font cmr10!
Missing character: There is no Ä in font cmr10!
Missing character: There is no Ô in font cmr10!
Missing character: There is no ¨ in font cmr10!
Missing character: There is no Ä in font cmr10!
) [5]
\openout2 = `section2.aux'.

 (section2.tex
("C:\Program Files\MiKTeX 2.9\tex\latex\listings\lstlang1.sty"
File: lstlang1.sty 2015/06/04 1.6 listings language file
) (TCP.py)
[6


] (UDP.py)
LaTeX Font Info:    Font shape `OMS/cmr/m/n' in size <10> not available
(Font)              Font shape `OMS/cmsy/m/n' tried instead on input line 16.
) [7]
\openout2 = `pingtesting.aux'.

 (pingtesting.tex
Overfull \hbox (65.71898pt too wide) in paragraph at lines 6--35
[][] 
 []

) [8] ("Networks Coursework.aux" (titlepage.aux) (discussion.aux) (section2.aux
) (pingtesting.aux)) ) 
Here is how much of TeX's memory you used:
 4984 strings out of 493333
 71086 string characters out of 3139194
 296091 words of memory out of 3000000
 8382 multiletter control sequences out of 15000+200000
 11503 words of font info for 45 fonts, out of 3000000 for 9000
 1141 hyphenation exceptions out of 8191
 39i,10n,52p,1105b,1188s stack positions out of 5000i,500n,10000p,200000b,50000s
<C:/Program Files/MiKTeX 2.9/fonts/type1/public/amsfonts/
cm/cmbx10.pfb><C:/Program Files/MiKTeX 2.9/fonts/type1/public/amsfonts/cm/cmbx1
2.pfb><C:/Program Files/MiKTeX 2.9/fonts/type1/public/amsfonts/cm/cmmi10.pfb><C
:/Program Files/MiKTeX 2.9/fonts/type1/public/amsfonts/cm/cmmi8.pfb><C:/Program
 Files/MiKTeX 2.9/fonts/type1/public/amsfonts/cm/cmr10.pfb><C:/Program Files/Mi
KTeX 2.9/fonts/type1/public/amsfonts/cm/cmr12.pfb><C:/Program Files/MiKTeX 2.9/
fonts/type1/public/amsfonts/cm/cmr17.pfb><C:/Program Files/MiKTeX 2.9/fonts/typ
e1/public/amsfonts/cm/cmr8.pfb><C:/Program Files/MiKTeX 2.9/fonts/type1/public/
amsfonts/cm/cmsy10.pfb><C:/Program Files/MiKTeX 2.9/fonts/type1/public/amsfonts
/cm/cmsy8.pfb>
Output written on "Networks Coursework.pdf" (9 pages, 153244 bytes).
PDF statistics:
 72 PDF objects out of 1000 (max. 8388607)
 0 named destinations out of 1000 (max. 500000)
 1 words of extra memory for PDF output out of 10000 (max. 10000000)

